C:\USERS\DUSTIN\DOWNLOADS\MATRIXMULTIPLYFORSTUDENTS\MATRIXMULTIPLY\DEBUG\MAIN.OBJ
C:\USERS\DUSTIN\DOWNLOADS\MATRIXMULTIPLYFORSTUDENTS\MATRIXMULTIPLY\DEBUG\UTILS.OBJ
C:\USERS\DUSTIN\DOWNLOADS\MATRIXMULTIPLYFORSTUDENTS\MATRIXMULTIPLY\DEBUG\VC110.PDB
C:\USERS\DUSTIN\DOCUMENTS\VISUAL STUDIO 2012\PROJECTS\OPENCLPROJECT1\DEBUG\MATRIXMULTIPLY.EXE
C:\USERS\DUSTIN\DOCUMENTS\VISUAL STUDIO 2012\PROJECTS\OPENCLPROJECT1\DEBUG\MATRIXMULTIPLY.PDB
䵞瑡楲䵸汵楴汰⹹汣਍㩃啜敳獲䑜獵楴屮潄湷潬摡屳慍牴硩畍瑬灩祬潆卲畴敤瑮屳慍牴硩畍瑬灩祬䵜瑡楲䵸汵楴汰⹹畯൴帊慍牴硩畍瑬灩祬挮൬䌊尺獕牥屳畄瑳湩䑜睯汮慯獤䵜瑡楲䵸汵楴汰䙹牯瑓摵湥獴䵜瑡楲䵸汵楴汰屹慍牴硩畍瑬灩祬漮瑵਍䵞瑡楲䵸汵楴汰⹹汣਍㩃啜敳獲䑜獵楴屮潄湷潬摡屳慍牴硩畍瑬灩祬潆卲畴敤瑮屳慍牴硩畍瑬灩祬䵜瑡楲䵸汵楴汰⹹畯൴帊慍牴硩畍瑬灩祬挮൬䌊尺獕牥屳畄瑳湩䑜睯汮慯獤䵜瑡楲䵸汵楴汰䙹牯瑓摵湥獴䵜瑡楲䵸汵楴汰屹慍牴硩畍瑬灩祬漮瑵਍䵞瑡楲䵸汵楴汰⹹汣਍㩃啜敳獲䑜獵楴屮潄湷潬摡屳慍牴硩畍瑬灩祬潆卲畴敤瑮屳慍牴硩畍瑬灩祬䵜瑡楲䵸汵楴汰⹹畯൴帊慍牴硩畍瑬灩祬挮൬䌊尺獕牥屳畄瑳湩䑜睯汮慯獤䵜瑡楲䵸汵楴汰䙹牯瑓摵湥獴䵜瑡楲䵸汵楴汰屹慍牴硩畍瑬灩祬漮瑵਍䵞瑡楲䵸汵楴汰⹹汣਍㩃啜敳獲䑜獵楴屮潄湷潬摡屳慍牴硩畍瑬灩祬潆卲畴敤瑮屳慍牴硩畍瑬灩祬䵜瑡楲䵸汵楴汰⹹畯൴帊慍牴硩畍瑬灩祬挮൬䌊尺獕牥屳畄瑳湩䑜睯汮慯獤䵜瑡楲䵸汵楴汰䙹牯瑓摵湥獴䵜瑡楲䵸汵楴汰屹慍牴硩畍瑬灩祬漮瑵਍䵞瑡楲䵸汵楴汰⹹汣਍㩃啜敳獲䑜獵楴屮潄湷潬摡屳慍牴硩畍瑬灩祬潆卲畴敤瑮屳慍牴硩畍瑬灩祬䵜瑡楲䵸汵楴汰⹹畯൴帊慍牴硩畍瑬灩祬挮൬䌊尺獕牥屳畄瑳湩䑜睯汮慯獤䵜瑡楲䵸汵楴汰䙹牯瑓摵湥獴䵜瑡楲䵸汵楴汰屹慍牴硩畍瑬灩祬漮瑵਍䵞瑡楲䵸汵楴汰⹹汣਍㩃啜敳獲䑜獵楴屮潄湷潬摡屳慍牴硩畍瑬灩祬潆卲畴敤瑮屳慍牴硩畍瑬灩祬䵜瑡楲䵸汵楴汰⹹畯൴帊慍牴硩畍瑬灩祬挮൬䌊尺獕牥屳畄瑳湩䑜睯汮慯獤䵜瑡楲䵸汵楴汰䙹牯瑓摵湥獴䵜瑡楲䵸汵楴汰屹慍牴硩畍瑬灩祬漮瑵਍䵞瑡楲䵸汵楴汰⹹汣਍㩃啜敳獲䑜獵楴屮潄湷潬摡屳慍牴硩畍瑬灩祬潆卲畴敤瑮屳慍牴硩畍瑬灩祬䵜瑡楲䵸汵楴汰⹹畯൴帊慍牴硩畍瑬灩祬挮൬䌊尺獕牥屳畄瑳湩䑜睯汮慯獤䵜瑡楲䵸汵楴汰䙹牯瑓摵湥獴䵜瑡楲䵸汵楴汰屹慍牴硩畍瑬灩祬漮瑵਍䵞瑡楲䵸汵楴汰⹹汣਍㩃啜敳獲䑜獵楴屮潄湷潬摡屳慍牴硩畍瑬灩祬潆卲畴敤瑮屳慍牴硩畍瑬灩祬䵜瑡楲䵸汵楴汰⹹畯൴帊慍牴硩畍瑬灩祬挮൬䌊尺獕牥屳畄瑳湩䑜睯汮慯獤䵜瑡楲䵸汵楴汰䙹牯瑓摵湥獴䵜瑡楲䵸汵楴汰屹慍牴硩畍瑬灩祬漮瑵਍䵞瑡楲䵸汵楴汰⹹汣਍㩃啜敳獲䑜獵楴屮潄湷潬摡屳慍牴硩畍瑬灩祬潆卲畴敤瑮屳慍牴硩畍瑬灩祬䵜瑡楲䵸汵楴汰⹹畯൴帊慍牴硩畍瑬灩祬挮൬䌊尺獕牥屳畄瑳湩䑜睯汮慯獤䵜瑡楲䵸汵楴汰䙹牯瑓摵湥獴䵜瑡楲䵸汵楴汰屹慍牴硩畍瑬灩祬漮瑵਍䵞瑡楲䵸汵楴汰⹹汣਍㩃啜敳獲䑜獵楴屮潄湷潬摡屳慍牴硩畍瑬灩祬潆卲畴敤瑮屳慍牴硩畍瑬灩祬䵜瑡楲䵸汵楴汰⹹畯൴帊慍牴硩畍瑬灩祬挮൬䌊尺獕牥屳畄瑳湩䑜睯汮慯獤䵜瑡楲䵸汵楴汰䙹牯瑓摵湥獴䵜瑡楲䵸汵楴汰屹慍牴硩畍瑬灩祬漮瑵਍䵞瑡楲䵸汵楴汰⹹汣਍㩃啜敳獲䑜獵楴屮潄湷潬摡屳慍牴硩畍瑬灩祬潆卲畴敤瑮屳慍牴硩畍瑬灩祬䵜瑡楲䵸汵楴汰⹹畯൴帊慍牴硩畍瑬灩祬挮൬䌊尺獕牥屳畄瑳湩䑜睯汮慯獤䵜瑡楲䵸汵楴汰䙹牯瑓摵湥獴䵜瑡楲䵸汵楴汰屹慍牴硩畍瑬灩祬漮瑵਍䵞瑡楲䵸汵楴汰⹹汣਍㩃啜敳獲䑜獵楴屮潄湷潬摡屳慍牴硩畍瑬灩祬潆卲畴敤瑮屳慍牴硩畍瑬灩祬䵜瑡楲䵸汵楴汰⹹畯൴帊慍牴硩畍瑬灩祬挮൬䌊尺獕牥屳畄瑳湩䑜睯汮慯獤䵜瑡楲䵸汵楴汰䙹牯瑓摵湥獴䵜瑡楲䵸汵楴汰屹慍牴硩畍瑬灩祬漮瑵਍䵞瑡楲䵸汵楴汰⹹汣਍㩃啜敳獲䑜獵楴屮潄湷潬摡屳慍牴硩畍瑬灩祬潆卲畴敤瑮屳慍牴硩畍瑬灩祬䵜瑡楲䵸汵楴汰⹹畯൴帊慍牴硩畍瑬灩祬挮൬䌊尺獕牥屳畄瑳湩䑜睯汮慯獤䵜瑡楲䵸汵楴汰䙹牯瑓摵湥獴䵜瑡楲䵸汵楴汰屹慍牴硩畍瑬灩祬漮瑵਍䵞瑡楲䵸汵楴汰⹹汣਍㩃啜敳獲䑜獵楴屮潄湷潬摡屳慍牴硩畍瑬灩祬潆卲畴敤瑮屳慍牴硩畍瑬灩祬䵜瑡楲䵸汵楴汰⹹畯൴帊慍牴硩畍瑬灩祬挮൬䌊尺獕牥屳畄瑳湩䑜睯汮慯獤䵜瑡楲䵸汵楴汰䙹牯瑓摵湥獴䵜瑡楲䵸汵楴汰屹慍牴硩畍瑬灩祬漮瑵਍䵞瑡楲䵸汵楴汰⹹汣਍㩃啜敳獲䑜獵楴屮潄湷潬摡屳慍牴硩畍瑬灩祬潆卲畴敤瑮屳慍牴硩畍瑬灩祬䵜瑡楲䵸汵楴汰⹹畯൴帊慍牴硩畍瑬灩祬挮൬䌊尺獕牥屳畄瑳湩䑜睯汮慯獤䵜瑡楲䵸汵楴汰䙹牯瑓摵湥獴䵜瑡楲䵸汵楴汰屹慍牴硩畍瑬灩祬漮瑵਍䵞瑡楲䵸汵楴汰⹹汣਍㩃啜敳獲䑜獵楴屮潄湷潬摡屳慍牴硩畍瑬灩祬潆卲畴敤瑮屳慍牴硩畍瑬灩祬䵜瑡楲䵸汵楴汰⹹畯൴帊慍牴硩畍瑬灩祬挮൬䌊尺獕牥屳畄瑳湩䑜睯汮慯獤䵜瑡楲䵸汵楴汰䙹牯瑓摵湥獴䵜瑡楲䵸汵楴汰屹慍牴硩畍瑬灩祬漮瑵਍䵞瑡楲䵸汵楴汰⹹汣਍㩃啜敳獲䑜獵楴屮潄湷潬摡屳慍牴硩畍瑬灩祬潆卲畴敤瑮屳慍牴硩畍瑬灩祬䵜瑡楲䵸汵楴汰⹹畯൴帊慍牴硩畍瑬灩祬挮൬䌊尺獕牥屳畄瑳湩䑜睯汮慯獤䵜瑡楲䵸汵楴汰䙹牯瑓摵湥獴䵜瑡楲䵸汵楴汰屹慍牴硩畍瑬灩祬漮瑵਍䵞瑡楲䵸汵楴汰⹹汣਍㩃啜敳獲䑜獵楴屮潄湷潬摡屳慍牴硩畍瑬灩祬潆卲畴敤瑮屳慍牴硩畍瑬灩祬䵜瑡楲䵸汵楴汰⹹畯൴帊慍牴硩畍瑬灩祬挮൬䌊尺獕牥屳畄瑳湩䑜睯汮慯獤䵜瑡楲䵸汵楴汰䙹牯瑓摵湥獴䵜瑡楲䵸汵楴汰屹慍牴硩畍瑬灩祬漮瑵਍
C:\Users\Dustin\Downloads\MatrixMultiplyForStudents\MatrixMultiply\Debug\Main.obj
C:\Users\Dustin\Downloads\MatrixMultiplyForStudents\MatrixMultiply\Debug\utils.obj
C:\Users\Dustin\Downloads\MatrixMultiplyForStudents\MatrixMultiply\Debug\cl.command.1.tlog
C:\Users\Dustin\Downloads\MatrixMultiplyForStudents\MatrixMultiply\Debug\CL.read.1.tlog
C:\Users\Dustin\Downloads\MatrixMultiplyForStudents\MatrixMultiply\Debug\CL.write.1.tlog
C:\Users\Dustin\Downloads\MatrixMultiplyForStudents\MatrixMultiply\Debug\link-cvtres.read.1.tlog
C:\Users\Dustin\Downloads\MatrixMultiplyForStudents\MatrixMultiply\Debug\link-cvtres.write.1.tlog
C:\Users\Dustin\Downloads\MatrixMultiplyForStudents\MatrixMultiply\Debug\link-rc.read.1.tlog
C:\Users\Dustin\Downloads\MatrixMultiplyForStudents\MatrixMultiply\Debug\link-rc.write.1.tlog
C:\Users\Dustin\Downloads\MatrixMultiplyForStudents\MatrixMultiply\Debug\link.command.1.tlog
C:\Users\Dustin\Downloads\MatrixMultiplyForStudents\MatrixMultiply\Debug\link.read.1.tlog
C:\Users\Dustin\Downloads\MatrixMultiplyForStudents\MatrixMultiply\Debug\link.write.1.tlog
C:\Users\Dustin\Downloads\MatrixMultiplyForStudents\MatrixMultiply\Debug\MatrixMultiply.write.1.tlog
C:\Users\Dustin\Downloads\MatrixMultiplyForStudents\MatrixMultiply\Debug\vc110.idb
C:\Users\Dustin\Downloads\MatrixMultiplyForStudents\MatrixMultiply\Debug\vc110.pdb
c:\users\dustin\documents\visual studio 2012\Projects\OpenCLProject1\Debug\MatrixMultiply.pdb
c:\users\dustin\documents\visual studio 2012\Projects\OpenCLProject1\Debug\MatrixMultiply.exe
