Build started 4/5/2015 10:54:17 PM.
     1>Project "C:\Users\Dustin\Desktop\MatrixMultiplyForStudents\MatrixMultiply\MatrixMultiply.vcxproj" on node 2 (Build target(s)).
     1>_Intel_OpenCL_Build_Rules:
         Preprocessing: MatrixMultiply.cl
         cmd.exe /Q /C "C:\Users\Dustin\AppData\Local\Temp\tmp46e3086e09c44a5f9bdbc45d0339b11f.cmd"
         "C:\Program Files (x86)\Intel\OpenCL SDK\3.0\bin\x64\ioc64.exe" -cmd=build -input="C:\Users\Dustin\Desktop\MatrixMultiplyForStudents\MatrixMultiply\MatrixMultiply.cl" -output="x64\Debug\MatrixMultiply.out" -VS -device=CPU -simd=default    -bo="           "
         Using device: CPU
         
         Using default instruction set architecture.
         Intel OpenCL Intel CPU device was found!
         Device name:       Intel(R) Core(TM) i7-2630QM CPU @ 2.00GHz
         Device version: OpenCL 1.2 (Build 80752)
         Device vendor: Intel(R) Corporation
         Device profile: FULL_PROFILE
         Compilation started
         Compilation done
         Linking started
         Linking done
         Kernel <MatrixMultiply> was successfully vectorized
         Done.
         Build succeeded!
         C:/Users/Dustin/Desktop/MatrixMultiplyForStudents/MatrixMultiply/x64/Debug/MatrixMultiply.out: Generated build log file (double click this line to view)
       Link:
         MatrixMultiply.vcxproj -> C:\Users\Dustin\Desktop\MatrixMultiplyForStudents\x64\Debug\MatrixMultiply.exe
     1>Done Building Project "C:\Users\Dustin\Desktop\MatrixMultiplyForStudents\MatrixMultiply\MatrixMultiply.vcxproj" (Build target(s)).

Build succeeded.

Time Elapsed 00:00:05.28
